
Showing logs for build [32mcb-kubecd-environment-pr-199-97-gdj8t-1[0m stage [32mfrom-build-pack[0m and container [32mstep-credential-initializer-6vwf9[0m
{"level":"warn","ts":1586712770.6108913,"logger":"fallback-logger","caller":"logging/config.go:69","msg":"Fetch GitHub commit ID from kodata failed: \"ref: refs/heads/0.8.0-**-support-backwards-incompats\" is not a valid GitHub commit ID"}
{"level":"info","ts":1586712770.611593,"logger":"fallback-logger","caller":"creds-init/main.go:40","msg":"Credentials initialized."}

Showing logs for build [32mcb-kubecd-environment-pr-199-97-gdj8t-1[0m stage [32mfrom-build-pack[0m and container [32mstep-working-dir-initializer-4447k[0m
{"level":"warn","ts":1586712771.9074268,"logger":"fallback-logger","caller":"logging/config.go:69","msg":"Fetch GitHub commit ID from kodata failed: open /var/run/ko/HEAD: no such file or directory"}
{"level":"info","ts":1586712771.9092662,"logger":"fallback-logger","caller":"bash/main.go:64","msg":"Successfully executed command \"sh -c mkdir -p /workspace/source\"; output "}

Showing logs for build [32mcb-kubecd-environment-pr-199-97-gdj8t-1[0m stage [32mfrom-build-pack[0m and container [32mstep-place-tools[0m

Showing logs for build [32mcb-kubecd-environment-pr-199-97-gdj8t-1[0m stage [32mfrom-build-pack[0m and container [32mstep-git-source-cb-kubecd-environment-pr-199-97-gdj8t-mgtzx[0m
{"level":"warn","ts":1586712776.0314589,"logger":"fallback-logger","caller":"logging/config.go:69","msg":"Fetch GitHub commit ID from kodata failed: \"ref: refs/heads/0.8.0-**-support-backwards-incompats\" is not a valid GitHub commit ID"}
{"level":"info","ts":1586712777.234458,"logger":"fallback-logger","caller":"git/git.go:103","msg":"Successfully cloned https://github.com/cb-kubecd/environment-pr-199-97-boot-gke-staging.git @ master in path /workspace/source"}

Showing logs for build [32mcb-kubecd-environment-pr-199-97-gdj8t-1[0m stage [32mfrom-build-pack[0m and container [32mstep-git-merge[0m
Using SHAs from PULL_REFS=master:f2c4eaaed53dc7f923b0372dcb04b3692101ca6a,5:626b78a86548df30e563a566b89e8ec564e92a6e
DEBUG: LC_ALL=C JX_LOG_LEVEL=error git fetch origin --unshallow 626b78a86548df30e563a566b89e8ec564e92a6e: f2c4eaaed53dc7f923b0372dcb04b3692101ca6a:
DEBUG: ran git fetch --unshallow origin 626b78a86548df30e563a566b89e8ec564e92a6e: f2c4eaaed53dc7f923b0372dcb04b3692101ca6a: in 
DEBUG: LC_ALL=C JX_LOG_LEVEL=error git branch
DEBUG: LC_ALL=C JX_LOG_LEVEL=error git checkout master
DEBUG: ran git checkout master in 
DEBUG: LC_ALL=C JX_LOG_LEVEL=error git reset --hard f2c4eaaed53dc7f923b0372dcb04b3692101ca6a
DEBUG: ran git reset --hard f2c4eaaed53dc7f923b0372dcb04b3692101ca6a in 
DEBUG: LC_ALL=C JX_LOG_LEVEL=error git clean -fd .
DEBUG: ran clean --force -d . in 
DEBUG: JX_LOG_LEVEL=error LC_ALL=C git merge 626b78a86548df30e563a566b89e8ec564e92a6e
DEBUG: ran git merge 626b78a86548df30e563a566b89e8ec564e92a6e in 
DEBUG: LC_ALL=C JX_LOG_LEVEL=error git log --format=%H%x1f%an%x1f%ae%x1f%cn%x1f%ce%x1f%s%n%b%x1e f2c4eaaed53dc7f923b0372dcb04b3692101ca6a..HEAD
Merged SHA 626b78a86548df30e563a566b89e8ec564e92a6e with commit message 'chore: Promote bdd-sbrp-import-1586712495 to version 0.0.1' into base branch master

Showing logs for build [32mcb-kubecd-environment-pr-199-97-gdj8t-1[0m stage [32mfrom-build-pack[0m and container [32mstep-build-helm-build[0m
WARNING: No $CHART_REPOSITORY defined so using the default value of: http://jenkins-x-chartmuseum:8080
Adding missing Helm repo: storage.googleapis.com https://storage.googleapis.com/chartmuseum.jenkins-x.io
WARNING: No secrets found on "helm/repos" due: reading the secret "helm/repos" from vault: no secret "helm/repos" not found in vault
Read credentials for https://storage.googleapis.com/chartmuseum.jenkins-x.io from vault helm/repos
Successfully added Helm repository storage.googleapis.com.
Adding missing Helm repo: jenkins-x-chartmuseum http://jenkins-x-chartmuseum:8080
WARNING: No secrets found on "helm/repos" due: reading the secret "helm/repos" from vault: no secret "helm/repos" not found in vault
Read credentials for http://jenkins-x-chartmuseum:8080 from vault helm/repos
Successfully added Helm repository jenkins-x-chartmuseum.
WARNING: No $CHART_REPOSITORY defined so using the default value of: http://jenkins-x-chartmuseum:8080
Adding missing Helm repo: chartmuseum.jenkins-x.io http://chartmuseum.jenkins-x.io
WARNING: No secrets found on "helm/repos" due: reading the secret "helm/repos" from vault: no secret "helm/repos" not found in vault
Read credentials for http://chartmuseum.jenkins-x.io from vault helm/repos
Successfully added Helm repository chartmuseum.jenkins-x.io.
