
Showing logs for build [32mcb-kubecd-environment-pr-199-97-t6xf6-1[0m stage [32mfrom-build-pack[0m and container [32mstep-credential-initializer-txgs5[0m
{"level":"warn","ts":1586711073.921548,"logger":"fallback-logger","caller":"logging/config.go:69","msg":"Fetch GitHub commit ID from kodata failed: \"ref: refs/heads/0.8.0-**-support-backwards-incompats\" is not a valid GitHub commit ID"}
{"level":"info","ts":1586711073.922239,"logger":"fallback-logger","caller":"creds-init/main.go:40","msg":"Credentials initialized."}

Showing logs for build [32mcb-kubecd-environment-pr-199-97-t6xf6-1[0m stage [32mfrom-build-pack[0m and container [32mstep-working-dir-initializer-4bdxz[0m
{"level":"warn","ts":1586711074.92142,"logger":"fallback-logger","caller":"logging/config.go:69","msg":"Fetch GitHub commit ID from kodata failed: open /var/run/ko/HEAD: no such file or directory"}
{"level":"info","ts":1586711074.9231436,"logger":"fallback-logger","caller":"bash/main.go:64","msg":"Successfully executed command \"sh -c mkdir -p /workspace/source\"; output "}

Showing logs for build [32mcb-kubecd-environment-pr-199-97-t6xf6-1[0m stage [32mfrom-build-pack[0m and container [32mstep-place-tools[0m

Showing logs for build [32mcb-kubecd-environment-pr-199-97-t6xf6-1[0m stage [32mfrom-build-pack[0m and container [32mstep-git-source-cb-kubecd-environment-pr-199-97-t6xf6-s4jls[0m
{"level":"warn","ts":1586711078.0047805,"logger":"fallback-logger","caller":"logging/config.go:69","msg":"Fetch GitHub commit ID from kodata failed: \"ref: refs/heads/0.8.0-**-support-backwards-incompats\" is not a valid GitHub commit ID"}
{"level":"info","ts":1586711079.0352058,"logger":"fallback-logger","caller":"git/git.go:103","msg":"Successfully cloned https://github.com/cb-kubecd/environment-pr-199-97-boot-gke-staging.git @ master in path /workspace/source"}

Showing logs for build [32mcb-kubecd-environment-pr-199-97-t6xf6-1[0m stage [32mfrom-build-pack[0m and container [32mstep-git-merge[0m
Using SHAs from PULL_REFS=master:849a89b427698e659d1d66eefeec4deb2f1a60d9,3:e4c99a746d760140761b3980fc4a0bb266e9c5b2
DEBUG: LC_ALL=C JX_LOG_LEVEL=error git fetch origin --unshallow e4c99a746d760140761b3980fc4a0bb266e9c5b2: 849a89b427698e659d1d66eefeec4deb2f1a60d9:
DEBUG: ran git fetch --unshallow origin e4c99a746d760140761b3980fc4a0bb266e9c5b2: 849a89b427698e659d1d66eefeec4deb2f1a60d9: in 
DEBUG: LC_ALL=C JX_LOG_LEVEL=error git branch
DEBUG: LC_ALL=C JX_LOG_LEVEL=error git checkout master
DEBUG: ran git checkout master in 
DEBUG: LC_ALL=C JX_LOG_LEVEL=error git reset --hard 849a89b427698e659d1d66eefeec4deb2f1a60d9
DEBUG: ran git reset --hard 849a89b427698e659d1d66eefeec4deb2f1a60d9 in 
DEBUG: LC_ALL=C JX_LOG_LEVEL=error git clean -fd .
DEBUG: ran clean --force -d . in 
DEBUG: LC_ALL=C JX_LOG_LEVEL=error git merge e4c99a746d760140761b3980fc4a0bb266e9c5b2
DEBUG: ran git merge e4c99a746d760140761b3980fc4a0bb266e9c5b2 in 
DEBUG: LC_ALL=C JX_LOG_LEVEL=error git log --format=%H%x1f%an%x1f%ae%x1f%cn%x1f%ce%x1f%s%n%b%x1e 849a89b427698e659d1d66eefeec4deb2f1a60d9..HEAD
Merged SHA e4c99a746d760140761b3980fc4a0bb266e9c5b2 with commit message 'chore: Promote bdd-sbhg-1586709975 to version 0.0.1' into base branch master

Showing logs for build [32mcb-kubecd-environment-pr-199-97-t6xf6-1[0m stage [32mfrom-build-pack[0m and container [32mstep-build-helm-build[0m
WARNING: No $CHART_REPOSITORY defined so using the default value of: http://jenkins-x-chartmuseum:8080
Adding missing Helm repo: storage.googleapis.com https://storage.googleapis.com/chartmuseum.jenkins-x.io
WARNING: No secrets found on "helm/repos" due: reading the secret "helm/repos" from vault: no secret "helm/repos" not found in vault
Read credentials for https://storage.googleapis.com/chartmuseum.jenkins-x.io from vault helm/repos
Successfully added Helm repository storage.googleapis.com.
Adding missing Helm repo: jenkins-x-chartmuseum http://jenkins-x-chartmuseum:8080
WARNING: No secrets found on "helm/repos" due: reading the secret "helm/repos" from vault: no secret "helm/repos" not found in vault
Read credentials for http://jenkins-x-chartmuseum:8080 from vault helm/repos
Successfully added Helm repository jenkins-x-chartmuseum.
WARNING: No $CHART_REPOSITORY defined so using the default value of: http://jenkins-x-chartmuseum:8080
Adding missing Helm repo: chartmuseum.jenkins-x.io http://chartmuseum.jenkins-x.io
WARNING: No secrets found on "helm/repos" due: reading the secret "helm/repos" from vault: no secret "helm/repos" not found in vault
Read credentials for http://chartmuseum.jenkins-x.io from vault helm/repos
Successfully added Helm repository chartmuseum.jenkins-x.io.
