
Showing logs for build [32mcb-kubecd-environment-pr-199-97-zlh9t-1[0m stage [32mfrom-build-pack[0m and container [32mstep-credential-initializer-5rkn7[0m
{"level":"warn","ts":1586713726.1391408,"logger":"fallback-logger","caller":"logging/config.go:69","msg":"Fetch GitHub commit ID from kodata failed: \"ref: refs/heads/0.8.0-**-support-backwards-incompats\" is not a valid GitHub commit ID"}
{"level":"info","ts":1586713726.140002,"logger":"fallback-logger","caller":"creds-init/main.go:40","msg":"Credentials initialized."}

Showing logs for build [32mcb-kubecd-environment-pr-199-97-zlh9t-1[0m stage [32mfrom-build-pack[0m and container [32mstep-working-dir-initializer-hrwqp[0m
{"level":"warn","ts":1586713726.5878694,"logger":"fallback-logger","caller":"logging/config.go:69","msg":"Fetch GitHub commit ID from kodata failed: open /var/run/ko/HEAD: no such file or directory"}
{"level":"info","ts":1586713726.589457,"logger":"fallback-logger","caller":"bash/main.go:64","msg":"Successfully executed command \"sh -c mkdir -p /workspace/source\"; output "}

Showing logs for build [32mcb-kubecd-environment-pr-199-97-zlh9t-1[0m stage [32mfrom-build-pack[0m and container [32mstep-place-tools[0m

Showing logs for build [32mcb-kubecd-environment-pr-199-97-zlh9t-1[0m stage [32mfrom-build-pack[0m and container [32mstep-git-source-cb-kubecd-environment-pr-199-97-zlh9t-6prwd[0m
{"level":"warn","ts":1586713730.7347233,"logger":"fallback-logger","caller":"logging/config.go:69","msg":"Fetch GitHub commit ID from kodata failed: \"ref: refs/heads/0.8.0-**-support-backwards-incompats\" is not a valid GitHub commit ID"}
{"level":"info","ts":1586713731.8196945,"logger":"fallback-logger","caller":"git/git.go:103","msg":"Successfully cloned https://github.com/cb-kubecd/environment-pr-199-97-boot-gke-staging.git @ master in path /workspace/source"}

Showing logs for build [32mcb-kubecd-environment-pr-199-97-zlh9t-1[0m stage [32mfrom-build-pack[0m and container [32mstep-git-merge[0m
Using SHAs from PULL_REFS=master:ce13e6f4076d675ab1876557eeda0a82adc71428,7:b980ad92d9c6320f4e24dcec5cb4e92f6525d971
DEBUG: LC_ALL=C JX_LOG_LEVEL=error git fetch origin --unshallow b980ad92d9c6320f4e24dcec5cb4e92f6525d971: ce13e6f4076d675ab1876557eeda0a82adc71428:
DEBUG: ran git fetch --unshallow origin b980ad92d9c6320f4e24dcec5cb4e92f6525d971: ce13e6f4076d675ab1876557eeda0a82adc71428: in 
DEBUG: JX_LOG_LEVEL=error LC_ALL=C git branch
DEBUG: LC_ALL=C JX_LOG_LEVEL=error git checkout master
DEBUG: ran git checkout master in 
DEBUG: LC_ALL=C JX_LOG_LEVEL=error git reset --hard ce13e6f4076d675ab1876557eeda0a82adc71428
DEBUG: ran git reset --hard ce13e6f4076d675ab1876557eeda0a82adc71428 in 
DEBUG: JX_LOG_LEVEL=error LC_ALL=C git clean -fd .
DEBUG: ran clean --force -d . in 
DEBUG: LC_ALL=C JX_LOG_LEVEL=error git merge b980ad92d9c6320f4e24dcec5cb4e92f6525d971
DEBUG: ran git merge b980ad92d9c6320f4e24dcec5cb4e92f6525d971 in 
DEBUG: LC_ALL=C JX_LOG_LEVEL=error git log --format=%H%x1f%an%x1f%ae%x1f%cn%x1f%ce%x1f%s%n%b%x1e ce13e6f4076d675ab1876557eeda0a82adc71428..HEAD
Merged SHA b980ad92d9c6320f4e24dcec5cb4e92f6525d971 with commit message 'chore: Promote bdd-ghf**y-import-1586712495 to version 0.0.1' into base branch master

Showing logs for build [32mcb-kubecd-environment-pr-199-97-zlh9t-1[0m stage [32mfrom-build-pack[0m and container [32mstep-build-helm-build[0m
WARNING: No $CHART_REPOSITORY defined so using the default value of: http://jenkins-x-chartmuseum:8080
Adding missing Helm repo: storage.googleapis.com https://storage.googleapis.com/chartmuseum.jenkins-x.io
WARNING: No secrets found on "helm/repos" due: reading the secret "helm/repos" from vault: no secret "helm/repos" not found in vault
Read credentials for https://storage.googleapis.com/chartmuseum.jenkins-x.io from vault helm/repos
Successfully added Helm repository storage.googleapis.com.
Adding missing Helm repo: jenkins-x-chartmuseum http://jenkins-x-chartmuseum:8080
WARNING: No secrets found on "helm/repos" due: reading the secret "helm/repos" from vault: no secret "helm/repos" not found in vault
Read credentials for http://jenkins-x-chartmuseum:8080 from vault helm/repos
Successfully added Helm repository jenkins-x-chartmuseum.
WARNING: No $CHART_REPOSITORY defined so using the default value of: http://jenkins-x-chartmuseum:8080
Adding missing Helm repo: chartmuseum.jenkins-x.io http://chartmuseum.jenkins-x.io
WARNING: No secrets found on "helm/repos" due: reading the secret "helm/repos" from vault: no secret "helm/repos" not found in vault
Read credentials for http://chartmuseum.jenkins-x.io from vault helm/repos
Successfully added Helm repository chartmuseum.jenkins-x.io.
